
=== Fri Jul 10 17:36:36 2020

Packages were changed.
Update Mode: mergeDefaultDependencies

The following packages were added:
  com.unity.collab-proxy@1.2.16
  com.unity.ide.rider@1.1.4
  com.unity.ide.vscode@1.2.1
  com.unity.modules.ai@1.0.0
  com.unity.modules.androidjni@1.0.0
  com.unity.modules.animation@1.0.0
  com.unity.modules.assetbundle@1.0.0
  com.unity.modules.audio@1.0.0
  com.unity.modules.cloth@1.0.0
  com.unity.modules.director@1.0.0
  com.unity.modules.imageconversion@1.0.0
  com.unity.modules.imgui@1.0.0
  com.unity.modules.jsonserialize@1.0.0
  com.unity.modules.particlesystem@1.0.0
  com.unity.modules.physics@1.0.0
  com.unity.modules.physics2d@1.0.0
  com.unity.modules.screencapture@1.0.0
  com.unity.modules.terrain@1.0.0
  com.unity.modules.terrainphysics@1.0.0
  com.unity.modules.tilemap@1.0.0
  com.unity.modules.ui@1.0.0
  com.unity.modules.uielements@1.0.0
  com.unity.modules.umbra@1.0.0
  com.unity.modules.unityanalytics@1.0.0
  com.unity.modules.unitywebrequest@1.0.0
  com.unity.modules.unitywebrequestassetbundle@1.0.0
  com.unity.modules.unitywebrequestaudio@1.0.0
  com.unity.modules.unitywebrequesttexture@1.0.0
  com.unity.modules.unitywebrequestwww@1.0.0
  com.unity.modules.vehicles@1.0.0
  com.unity.modules.video@1.0.0
  com.unity.modules.vr@1.0.0
  com.unity.modules.wind@1.0.0
  com.unity.modules.xr@1.0.0
  com.unity.test-framework@1.1.14
  com.unity.textmeshpro@2.0.1
  com.unity.timeline@1.2.15
  com.unity.ugui@1.0.0
The following packages were updated:
  com.unity.2d.animation from version 3.1.1 to 3.2.2
  com.unity.2d.psdimporter from version 2.1.0 to 2.1.4
  com.unity.2d.spriteshape from version 3.0.8 to 3.0.11

=== Thu Jul 23 21:59:22 2020

Packages were changed.
Update Mode: updateDependencies

The following packages were added:
  com.unity.ide.visualstudio@2.0.2
The following packages were updated:
  com.unity.2d.animation from version 3.2.2 to 4.2.2
  com.unity.2d.pixel-perfect from version 2.0.4 to 3.0.2
  com.unity.2d.psdimporter from version 2.1.4 to 3.1.4
  com.unity.2d.spriteshape from version 3.0.11 to 4.1.2
  com.unity.collab-proxy from version 1.2.16 to 1.3.8
  com.unity.ide.rider from version 1.1.4 to 1.2.1
  com.unity.render-pipelines.universal from version 7.3.1 to 8.2.0
  com.unity.textmeshpro from version 2.0.1 to 3.0.0-preview.1

=== Fri Aug 14 20:22:44 2020

Packages were changed.
Update Mode: updateDependencies

The following packages were updated:
  com.unity.test-framework from version 1.1.14 to 1.1.16
  com.unity.textmeshpro from version 3.0.0 to 3.0.1

=== Tue Sep  1 14:19:21 2020

Packages were changed.
Update Mode: updateDependencies

The following packages were updated:
  com.unity.2d.animation from version 4.2.2 to 4.2.5

=== Thu Feb 18 12:48:14 2021

Packages were changed.
Update Mode: updateDependencies

The following packages were updated:
  com.unity.2d.animation from version 4.2.8 to 5.0.3
  com.unity.2d.pixel-perfect from version 3.0.2 to 4.0.1
  com.unity.2d.psdimporter from version 3.1.7 to 4.0.2
  com.unity.2d.spriteshape from version 4.1.5 to 5.1.0
  com.unity.cinemachine from version 2.6.3 to 2.7.1
  com.unity.ide.rider from version 1.2.1 to 3.0.3
  com.unity.render-pipelines.universal from version 8.2.0 to 12.0.0
  com.unity.scriptablebuildpipeline from version 1.7.3 to 1.16.1
  com.unity.timeline from version 1.3.7 to 1.6.0-pre.1
  com.unity.visualeffectgraph from version 8.2.0 to 12.0.0

=== Sun May  9 21:25:06 2021

Packages were changed.
Update Mode: resetToDefaultDependencies

The following packages were added:
  com.unity.collab-proxy@1.3.9
  com.unity.ide.rider@3.0.6
  com.unity.ide.visualstudio@2.0.7
  com.unity.ide.vscode@1.2.3
  com.unity.modules.ai@1.0.0
  com.unity.modules.androidjni@1.0.0
  com.unity.modules.animation@1.0.0
  com.unity.modules.assetbundle@1.0.0
  com.unity.modules.audio@1.0.0
  com.unity.modules.cloth@1.0.0
  com.unity.modules.director@1.0.0
  com.unity.modules.imageconversion@1.0.0
  com.unity.modules.imgui@1.0.0
  com.unity.modules.jsonserialize@1.0.0
  com.unity.modules.particlesystem@1.0.0
  com.unity.modules.physics@1.0.0
  com.unity.modules.physics2d@1.0.0
  com.unity.modules.screencapture@1.0.0
  com.unity.modules.terrain@1.0.0
  com.unity.modules.terrainphysics@1.0.0
  com.unity.modules.tilemap@1.0.0
  com.unity.modules.ui@1.0.0
  com.unity.modules.uielements@1.0.0
  com.unity.modules.umbra@1.0.0
  com.unity.modules.unityanalytics@1.0.0
  com.unity.modules.unitywebrequest@1.0.0
  com.unity.modules.unitywebrequestassetbundle@1.0.0
  com.unity.modules.unitywebrequestaudio@1.0.0
  com.unity.modules.unitywebrequesttexture@1.0.0
  com.unity.modules.unitywebrequestwww@1.0.0
  com.unity.modules.vehicles@1.0.0
  com.unity.modules.video@1.0.0
  com.unity.modules.vr@1.0.0
  com.unity.modules.wind@1.0.0
  com.unity.modules.xr@1.0.0
  com.unity.test-framework@1.1.24
  com.unity.textmeshpro@3.0.4
  com.unity.timeline@1.5.4
  com.unity.ugui@1.0.0
  com.unity.visualscripting@1.5.2

=== Mon May 31 10:33:41 2021

Packages were changed.
Update Mode: updateDependencies

The following packages were updated:
  com.unity.collab-proxy from version 1.3.9 to 1.5.7
  com.unity.visualscripting from version 1.5.2 to 1.6.1

=== Wed Nov 17 20:03:18 2021

Packages were changed.
Update Mode: updateDependencies

The following packages were updated:
  com.unity.2d.animation from version 5.0.6 to 6.0.5
  com.unity.2d.pixel-perfect from version 5.0.0 to 5.0.1
  com.unity.2d.spriteshape from version 6.0.0 to 6.0.1
  com.unity.2d.tilemap.extras from version 2.0.0 to 2.2.0
  com.unity.cinemachine from version 2.7.4 to 2.7.8
  com.unity.collab-proxy from version 1.5.7 to 1.11.2
  com.unity.ide.visualstudio from version 2.0.9 to 2.0.11
  com.unity.ide.vscode from version 1.2.3 to 1.2.4
  com.unity.render-pipelines.universal from version 10.5.1 to 11.0.0
  com.unity.scriptablebuildpipeline from version 1.15.2 to 1.19.2
  com.unity.test-framework from version 1.1.27 to 1.1.29
  com.unity.timeline from version 1.5.5 to 1.5.6
  com.unity.visualeffectgraph from version 10.5.1 to 11.0.0
